<?xml version="1.0" encoding="UTF-8"?>
<!-- Generated by org.testng.reporters.JUnitReportReporter -->
<testsuite hostname="KG-GSSL1092" failures="0" tests="1" name="runner.RunnerFile" time="25.110" errors="0" timestamp="2024-08-16T13:38:39 IST" skipped="0">
  <testcase classname="runner.RunnerFile" name="runScenario" time="25.110"/>
  <system-out/>
</testsuite> <!-- runner.RunnerFile -->
